<?xml version="1.0" encoding="UTF-8"?>
<!-- Generated by org.testng.reporters.JUnitReportReporter -->
<testsuite hostname="LAPTOP-OEIBQQ4S" failures="0" tests="1" name="TestNGStudy.assertTrueHard" time="0.018" errors="0" timestamp="2022-06-27T16:57:05 IST" skipped="0">
  <testcase classname="TestNGStudy.assertTrueHard" name="myMethod" time="0.018"/>
  <system-out>
    <![CDATA[TC is passed value is true
TC is passed value is false]]>
  </system-out>
</testsuite> <!-- TestNGStudy.assertTrueHard -->
