<?xml version="1.0" encoding="UTF-8"?>
<!-- Generated by org.testng.reporters.JUnitReportReporter -->
<testsuite hostname="LAPTOP-OEIBQQ4S" failures="0" tests="1" name="TestNGStudy.AssertNullUseHard" time="0.018" errors="0" timestamp="2022-06-27T16:55:04 IST" skipped="0">
  <testcase classname="TestNGStudy.AssertNullUseHard" name="Tc1" time="0.018"/>
  <system-out/>
</testsuite> <!-- TestNGStudy.AssertNullUseHard -->
