<?xml version="1.0" encoding="UTF-8"?>
<!-- Generated by org.testng.reporters.JUnitReportReporter -->
<testsuite hostname="LAPTOP-OEIBQQ4S" failures="0" tests="4" name="TestNGStudy.Keywordstudy" time="0.020" errors="0" timestamp="2022-06-23T12:20:17 IST" skipped="0">
  <testcase classname="TestNGStudy.Keywordstudy" name="validateUserName" time="0.004"/>
  <system-out>
    <![CDATA[username validation successfull]]>
  </system-out>
  <testcase classname="TestNGStudy.Keywordstudy" name="validateUserName" time="0.003"/>
  <system-out>
    <![CDATA[username validation successfull]]>
  </system-out>
  <testcase classname="TestNGStudy.Keywordstudy" name="validateDashBoard" time="0.010"/>
  <system-out>
    <![CDATA[dashboard validation successfull]]>
  </system-out>
  <testcase classname="TestNGStudy.Keywordstudy" name="validateUserName" time="0.003"/>
  <system-out>
    <![CDATA[username validation successfull]]>
  </system-out>
</testsuite> <!-- TestNGStudy.Keywordstudy -->
