<?xml version="1.0" encoding="UTF-8"?>
<!-- Generated by org.testng.reporters.JUnitReportReporter -->
<testsuite hostname="LAPTOP-OEIBQQ4S" failures="0" tests="1" name="TestNGStudy.assertNotEqualsHard" time="0.017" errors="0" timestamp="2022-06-27T16:42:47 IST" skipped="0">
  <testcase classname="TestNGStudy.assertNotEqualsHard" name="TC1" time="0.017"/>
  <system-out>
    <![CDATA[tc is pass]]>
  </system-out>
</testsuite> <!-- TestNGStudy.assertNotEqualsHard -->
