<?xml version="1.0" encoding="UTF-8"?>
<!-- Generated by org.testng.reporters.JUnitReportReporter -->
<testsuite hostname="LAPTOP-OEIBQQ4S" failures="0" tests="1" name="TestNGStudy.Example1TestNG" time="3.543" errors="0" timestamp="2022-06-27T14:39:19 IST" skipped="0">
  <testcase classname="TestNGStudy.Example1TestNG" name="KiteLogin" time="3.543"/>
  <system-out>
    <![CDATA[hello it will be displayed on report only
hello it will be displayed in report and console both]]>
  </system-out>
</testsuite> <!-- TestNGStudy.Example1TestNG -->
