<?xml version="1.0" encoding="UTF-8"?>
<!-- Generated by org.testng.reporters.JUnitReportReporter -->
<testsuite hostname="LAPTOP-OEIBQQ4S" failures="0" tests="1" name="TestNGStudy.Parallel2" time="6.683" errors="0" timestamp="2022-06-27T16:23:21 IST" skipped="0">
  <testcase classname="TestNGStudy.Parallel2" name="FacebookLaunch" time="6.683"/>
  <system-out>
    <![CDATA[facebook Launche]]>
  </system-out>
</testsuite> <!-- TestNGStudy.Parallel2 -->
