<?xml version="1.0" encoding="UTF-8"?>
<!-- Generated by org.testng.reporters.JUnitReportReporter -->
<testsuite hostname="LAPTOP-OEIBQQ4S" failures="0" tests="1" name="TestNGStudy.ChromeCrossBrowserTesting" time="14.119" errors="0" timestamp="2022-06-29T21:34:40 IST" skipped="0">
  <testcase classname="TestNGStudy.ChromeCrossBrowserTesting" name="chromeBrowser" time="14.119"/>
  <system-out/>
</testsuite> <!-- TestNGStudy.ChromeCrossBrowserTesting -->
