<?xml version="1.0" encoding="UTF-8"?>
<!-- Generated by org.testng.reporters.JUnitReportReporter -->
<testsuite hostname="LAPTOP-OEIBQQ4S" failures="0" tests="2" name="TestNGStudy.GroupsStudy" time="0.005" errors="0" timestamp="2022-06-27T14:42:05 IST" skipped="0">
  <testcase classname="TestNGStudy.GroupsStudy" name="e" time="0.001"/>
  <system-out>
    <![CDATA[username validation successfull]]>
  </system-out>
  <testcase classname="TestNGStudy.GroupsStudy" name="v" time="0.004"/>
  <system-out>
    <![CDATA[username validation successfull]]>
  </system-out>
</testsuite> <!-- TestNGStudy.GroupsStudy -->
