<?xml version="1.0" encoding="UTF-8"?>
<!-- Generated by org.testng.reporters.JUnitReportReporter -->
<testsuite hostname="LAPTOP-OEIBQQ4S" failures="0" tests="2" name="TestNGStudy.DependsonMehtodKeyWordStudy" time="1.016" errors="0" timestamp="2022-06-27T14:39:19 IST" skipped="0">
  <testcase classname="TestNGStudy.DependsonMehtodKeyWordStudy" name="validateUserName" time="0.004"/>
  <system-out>
    <![CDATA[username validation successfull]]>
  </system-out>
  <testcase classname="TestNGStudy.DependsonMehtodKeyWordStudy" name="validateDashBoard" time="1.012"/>
  <system-out>
    <![CDATA[dashboard validation successfull]]>
  </system-out>
</testsuite> <!-- TestNGStudy.DependsonMehtodKeyWordStudy -->
