<?xml version="1.0" encoding="UTF-8"?>
<!-- Generated by org.testng.reporters.JUnitReportReporter -->
<testsuite hostname="LAPTOP-OEIBQQ4S" failures="0" tests="1" name="TestNGStudy.Parallel3" time="10.950" errors="0" timestamp="2022-06-27T16:23:21 IST" skipped="0">
  <testcase classname="TestNGStudy.Parallel3" name="VCTCLaunch" time="10.950"/>
  <system-out>
    <![CDATA[VCTC Launche]]>
  </system-out>
</testsuite> <!-- TestNGStudy.Parallel3 -->
