<?xml version="1.0" encoding="UTF-8"?>
<!-- Generated by org.testng.reporters.JUnitReportReporter -->
<testsuite hostname="LAPTOP-OEIBQQ4S" failures="0" tests="1" name="TestNGStudy.Parallel1" time="17.401" errors="0" timestamp="2022-06-27T16:23:21 IST" skipped="0">
  <testcase classname="TestNGStudy.Parallel1" name="KiteLogin" time="17.401"/>
  <system-out>
    <![CDATA[KiteLaunched]]>
  </system-out>
</testsuite> <!-- TestNGStudy.Parallel1 -->
