<?xml version="1.0" encoding="UTF-8"?>
<!-- Generated by org.testng.reporters.JUnitReportReporter -->
<testsuite hostname="LAPTOP-OEIBQQ4S" failures="0" tests="2" name="TestNGStudy.TwoTestCase" time="4.977" errors="0" timestamp="2022-06-27T14:39:19 IST" skipped="0">
  <testcase classname="TestNGStudy.TwoTestCase" name="kitePinPage" time="0.013"/>
  <system-out>
    <![CDATA[hello this is second test case ]]>
  </system-out>
  <testcase classname="TestNGStudy.TwoTestCase" name="kiteUserName" time="4.964"/>
  <system-out>
    <![CDATA[hello it will be displayed on report only
hello it will be displayed in report and console both]]>
  </system-out>
</testsuite> <!-- TestNGStudy.TwoTestCase -->
