<?xml version="1.0" encoding="UTF-8"?>
<!-- Generated by org.testng.reporters.JUnitReportReporter -->
<testsuite hostname="LAPTOP-OEIBQQ4S" failures="0" tests="3" name="TestNGStudy.InvocationCountKeywordstudy" time="0.020" errors="0" timestamp="2022-06-27T14:42:05 IST" skipped="0">
  <testcase classname="TestNGStudy.InvocationCountKeywordstudy" name="validateUserName" time="0.013"/>
  <system-out>
    <![CDATA[username validation successfull]]>
  </system-out>
  <testcase classname="TestNGStudy.InvocationCountKeywordstudy" name="validateUserName" time="0.004"/>
  <system-out>
    <![CDATA[username validation successfull]]>
  </system-out>
  <testcase classname="TestNGStudy.InvocationCountKeywordstudy" name="validateUserName" time="0.003"/>
  <system-out>
    <![CDATA[username validation successfull]]>
  </system-out>
</testsuite> <!-- TestNGStudy.InvocationCountKeywordstudy -->
