<?xml version="1.0" encoding="UTF-8"?>
<!-- Generated by org.testng.reporters.JUnitReportReporter -->
<testsuite hostname="LAPTOP-OEIBQQ4S" failures="0" tests="1" name="KiteUsingTestNGandPOM.KiteTesClassUsingTestNG" time="5.101" errors="0" timestamp="2022-07-04T16:49:43 IST" skipped="0">
  <testcase classname="KiteUsingTestNGandPOM.KiteTesClassUsingTestNG" name="ValidateUserId" time="5.101"/>
  <system-out>
    <![CDATA[Validating UserName
Actual and Expected UN are matching TC PASSED]]>
  </system-out>
</testsuite> <!-- KiteUsingTestNGandPOM.KiteTesClassUsingTestNG -->
