<?xml version="1.0" encoding="UTF-8"?>
<!-- Generated by org.testng.reporters.JUnitReportReporter -->
<testsuite hostname="LAPTOP-OEIBQQ4S" failures="0" tests="4" name="TestNGStudy.PriorityKeywordStudy" time="0.006" errors="0" timestamp="2022-06-27T14:39:19 IST" skipped="0">
  <testcase classname="TestNGStudy.PriorityKeywordStudy" name="e" time="0.002"/>
  <system-out>
    <![CDATA[username validation successfull]]>
  </system-out>
  <testcase classname="TestNGStudy.PriorityKeywordStudy" name="v" time="0.001"/>
  <system-out>
    <![CDATA[username validation successfull]]>
  </system-out>
  <testcase classname="TestNGStudy.PriorityKeywordStudy" name="a" time="0.001"/>
  <system-out>
    <![CDATA[username validation successfull]]>
  </system-out>
  <testcase classname="TestNGStudy.PriorityKeywordStudy" name="z" time="0.002"/>
  <system-out>
    <![CDATA[dashboard validation successfull]]>
  </system-out>
</testsuite> <!-- TestNGStudy.PriorityKeywordStudy -->
