<?xml version="1.0" encoding="UTF-8"?>
<!-- Generated by org.testng.reporters.JUnitReportReporter -->
<testsuite hostname="LAPTOP-OEIBQQ4S" failures="0" tests="2" name="TestNGStudy.CrossBrowserTesting" time="41.831" errors="0" timestamp="2022-06-29T23:13:13 IST" skipped="0">
  <testcase classname="TestNGStudy.CrossBrowserTesting" name="CT" time="16.604"/>
  <system-out/>
  <testcase classname="TestNGStudy.CrossBrowserTesting" name="CT" time="25.227"/>
  <system-out/>
</testsuite> <!-- TestNGStudy.CrossBrowserTesting -->
