<?xml version="1.0" encoding="UTF-8"?>
<!-- Generated by org.testng.reporters.JUnitReportReporter -->
<testsuite hostname="LAPTOP-OEIBQQ4S" failures="0" tests="1" name="TestNGStudy.AnnotationStudy" time="0.003" errors="0" timestamp="2022-06-27T14:42:05 IST" skipped="0">
  <testcase classname="TestNGStudy.AnnotationStudy" name="validateUserName" time="0.003"/>
  <system-out>
    <![CDATA[username validation successfull]]>
  </system-out>
</testsuite> <!-- TestNGStudy.AnnotationStudy -->
