<?xml version="1.0" encoding="UTF-8"?>
<!-- Generated by org.testng.reporters.JUnitReportReporter -->
<testsuite hostname="LAPTOP-OEIBQQ4S" failures="0" tests="1" name="TestNGStudy.FirefoxCrossBrowserTesting" time="22.366" errors="0" timestamp="2022-06-29T22:05:28 IST" skipped="0">
  <testcase classname="TestNGStudy.FirefoxCrossBrowserTesting" name="firefox" time="22.366"/>
  <system-out/>
</testsuite> <!-- TestNGStudy.FirefoxCrossBrowserTesting -->
