<?xml version="1.0" encoding="UTF-8"?>
<!-- Generated by org.testng.reporters.JUnitReportReporter -->
<testsuite hostname="LAPTOP-OEIBQQ4S" failures="0" tests="1" name="TestNGStudy.SoftAssertStudyAssertEquals" time="0.015" errors="0" timestamp="2022-06-28T14:37:48 IST" skipped="0">
  <testcase classname="TestNGStudy.SoftAssertStudyAssertEquals" name="TC1" time="0.015"/>
  <system-out>
    <![CDATA[matching TC pass
s1 and s2 are not equal tc pass]]>
  </system-out>
</testsuite> <!-- TestNGStudy.SoftAssertStudyAssertEquals -->
